<?xml version="1.0" encoding="UTF-8"?>
<robot generator="Robot 7.4.1 (Python 3.11.9 on win32)" generated="2026-03-04T17:22:10.641999" rpa="false" schemaversion="5">
<suite id="s1" name="1-Suite Test" source="C:\Users\Administrateur\Documents\Etudes_de_cas_finaux\Projet_Etude_de_Cas_3\digitalbank\tests\test-suites\1-suite_test.robot">
<kw name="Suite Setup" owner="BaseTests" type="SETUP">
<kw name="Log Context" owner="BaseTests">
<kw name="Log To Console" owner="BuiltIn">
<arg>${EMPTY}</arg>
<doc>Logs the given message to the console.</doc>
<status status="PASS" start="2026-03-04T17:22:11.096010" elapsed="0.000000"/>
</kw>
<kw name="Log To Console" owner="BuiltIn">
<arg>================================================================== SUITE SETUP</arg>
<doc>Logs the given message to the console.</doc>
<status status="PASS" start="2026-03-04T17:22:11.097006" elapsed="0.000000"/>
</kw>
<kw name="Log To Console" owner="BuiltIn">
<arg>CURDIR____________\tC:\\Users\\Administrateur\\Documents\\Etudes_de_cas_finaux\\Projet_Etude_de_Cas_3\\digitalbank\\tests</arg>
<doc>Logs the given message to the console.</doc>
<status status="PASS" start="2026-03-04T17:22:11.097006" elapsed="0.001010"/>
</kw>
<kw name="Log To Console" owner="BuiltIn">
<arg>EXECDIR___________\t${EXECDIR}</arg>
<doc>Logs the given message to the console.</doc>
<status status="PASS" start="2026-03-04T17:22:11.098016" elapsed="0.000992"/>
</kw>
<kw name="Log To Console" owner="BuiltIn">
<arg>OUTPUT DIR________\t${OUTPUT DIR}</arg>
<doc>Logs the given message to the console.</doc>
<status status="PASS" start="2026-03-04T17:22:11.099008" elapsed="0.001010"/>
</kw>
<kw name="Log To Console" owner="BuiltIn">
<arg>ENV_______________\t${ENV}</arg>
<doc>Logs the given message to the console.</doc>
<status status="PASS" start="2026-03-04T17:22:11.100018" elapsed="0.001002"/>
</kw>
<kw name="Log To Console" owner="BuiltIn">
<arg>BROWSER___________\t${BROWSER}</arg>
<doc>Logs the given message to the console.</doc>
<status status="PASS" start="2026-03-04T17:22:11.101020" elapsed="0.000987"/>
</kw>
<kw name="Log To Console" owner="BuiltIn">
<arg>BROWSER_HEADLESS__\t${BROWSER_HEADLESS}</arg>
<doc>Logs the given message to the console.</doc>
<status status="PASS" start="2026-03-04T17:22:11.102007" elapsed="0.000000"/>
</kw>
<kw name="Log To Console" owner="BuiltIn">
<arg>URL_______________\t${URL_DIGITALBANK_TEST}</arg>
<doc>Logs the given message to the console.</doc>
<status status="PASS" start="2026-03-04T17:22:11.103023" elapsed="0.000000"/>
</kw>
<kw name="Log To Console" owner="BuiltIn">
<arg>${EMPTY}</arg>
<doc>Logs the given message to the console.</doc>
<status status="PASS" start="2026-03-04T17:22:11.103023" elapsed="0.000985"/>
</kw>
<doc>Log Context</doc>
<status status="PASS" start="2026-03-04T17:22:11.095012" elapsed="0.008996"/>
</kw>
<kw name="GET" owner="RequestsLibrary">
<msg time="2026-03-04T17:22:11.125022" level="INFO">GET Request : url=http://localhost:8080/ 
 path_url=/ 
 headers={'User-Agent': 'python-requests/2.32.5', 'Accept-Encoding': 'gzip, deflate', 'Accept': '*/*', 'Connection': 'keep-alive'} 
 body=None 
 </msg>
<msg time="2026-03-04T17:22:11.125022" level="INFO">GET Response : url=http://localhost:8080/ 
 status=200, reason=OK 
 headers={'Server': 'nginx/1.29.2', 'Date': 'Wed, 04 Mar 2026 16:22:11 GMT', 'Content-Type': 'text/html', 'Content-Length': '84249', 'Last-Modified': 'Mon, 02 Feb 2026 09:37:12 GMT', 'Connection': 'keep-alive', 'ETag': '"69807048-14919"', 'Accept-Ranges': 'bytes'} 
 body=&lt;!DOCTYPE html&gt;
&lt;html lang="fr"&gt;
&lt;head&gt;
    &lt;meta charset="UTF-8"&gt;
    &lt;meta name="viewport" content="width=device-width, initial-scale=1.0"&gt;
    &lt;title&gt;DigitalBank - Application Bancaire&lt;/title&gt;
    &lt;link rel="preconnect" href="https://fonts.googleapis.com"&gt;
    &lt;link rel="preconnect" href="https://fonts.gstatic.com" crossorigin&gt;
    &lt;link href="https://fonts.googleapis.com/css2?family=DM+Sans:wght@400;500;600;700&amp;family=JetBrains+Mono:wght@400;500&amp;display=swap" rel="stylesheet"&gt;
    &lt;style&gt;
        /* âââââââââââââââââââââââââââââââââââââââââââââââââââââââââââââââââââââââââââââââ
           DIGITALBANK - Styles CSS
           âââââââââââââââââââââââââââââââââââââââââââââââââââââââââââââââââââââââââââââââ */
        
        * {
            margin: 0;
            padding: 0;
            box-sizing: border-box;
        }
        
        :root {
            --primary: #0a2540;
            --primary-light: #1a3a5c;
            --accent: #00d4aa;
            --accent-hover: #00b894;
            --danger: #ff6b6b;
            --danger-hover: #ee5a5a;
            --warning: #ffd93d;
            --success: #00d4aa;
            --bg-dark: #0a0e14;
            --bg-card: #111820;
            --bg-input: #1a2332;
            --text-primary: #ffffff;
            --text-secondary: #8b9cb3;
            --text-muted: #5a6a7e;
            --border: #2a3a4e;
            --shadow: 0 4px 24px rgba(0, 0, 0, 0.4);
            --shadow-accent: 0 4px 20px rgba(0, 212, 170, 0.2);
            --radius: 12px;
            --radius-lg: 20px;
        }
        
        body {
            font-family: 'DM Sans', -apple-system, BlinkMacSystemFont, sans-serif;
            background: var(--bg-dark);
            color: var(--text-primary);
            min-height: 100vh;
            line-height: 1.6;
        }
        
        .app-container {
            min-height: 100vh;
            display: flex;
            flex-direction: column;
        }
        
        .hidden {
            display: none !important;
        }
        
        /* Test Mode Banner */
        .test-mode-banner {
            background: linear-gradient(90deg, var(--warning) 0%, #ff9f43 100%);
            color: var(--primary);
            padding: 8px 16px;
            text-align: center;
            font-weight: 600;
            font-size: 0.85rem;
        }
        
        /* Header */
        .header {
            background: linear-gradient(135deg, var(--primary) 0%, var(--primary-light) 100%);
            padding: 16px 24px;
            display: flex;
            justify-content: space-between;
            align-items: center;
            border-bottom: 1px solid var(--border);
            position: sticky;
            top: 0;
            z-index: 100;
        }
        
        .logo {
            display: flex;
            align-items: center;
            gap: 12px;
            font-size: 1.5rem;
            font-weight: 700;
            color: var(--text-primary);
        }
        
        .logo-icon {
            width: 40px;
            height: 40px;
            background: var(--accent);
            border-radius: 10px;
            display: flex;
            align-items: center;
            justify-content: center;
            font-weight: 700;
            color: var(--primary);
            font-size: 1rem;
        }
        
        .logo-icon.large {
            width: 64px;
            height: 64px;
            font-size: 1.5rem;
            margin: 0 auto 16px;
        }
        
        .user-menu {
            display: flex;
            align-items: center;
            gap: 16px;
        }
        
        .user-name {
            color: var(--text-secondary);
            font-size: 0.9rem;
        }
        
        /* Navigation */
        .nav-tabs {
            background: var(--bg-card);
            padding: 0 24px;
            display: flex;
            gap: 4px;
            border-bottom: 1px solid var(--border);
            overflow-x: auto;
        }
        
        .nav-tab {
            padding: 16px 24px;
            background: transparent;
            border: none;
            color: var(--text-secondary);
            font-size: 0.95rem;
            font-weight: 500;
            cursor: pointer;
            position: relative;
            transition: all 0.2s ease;
            white-space: nowrap;
            font-family: inherit;
        }
        
        .nav-tab:hover {
            color: var(--text-primary);
        }
        
        .nav-tab.active {
            color: var(--accent);
        }
        
        .nav-tab.active::after {
            content: '';
            position: absolute;
            bottom: 0;
            left: 0;
            right: 0;
            height: 3px;
            background: var(--accent);
            border-radius: 3px 3px 0 0;
        }
        
        /* Main Content */
        .main-content {
            flex: 1;
            padding: 24px;
            max-width: 1200px;
            margin: 0 auto;
            width: 100%;
        }
        
        /* Cards */
        .card {
            background: var(--bg-card);
            border-radius: var(--radius-lg);
            padding: 24px;
            margin-bottom: 24px;
            border: 1px solid var(--border);
            box-shadow: var(--shadow);
        }
        
        .card-header {
            display: flex;
            justify-content: space-between;
            align-items: center;
            margin-bottom: 20px;
        }
        
        .card-title {
            font-size: 1.25rem;
            font-weight: 600;
            color: var(--text-primary);
        }
        
        /* Balance Display */
        .balance-cards {
            display: grid;
            grid-template-columns: repeat(auto-fit, minmax(280px, 1fr));
            gap: 20px;
            margin-bottom: 24px;
        }
        
        .balance-card {
            background: linear-gradient(135deg, var(--primary) 0%, var(--primary-light) 100%);
            border-radius: var(--radius-lg);
            padding: 24px;
            position: relative;
            overflow: hidden;
            cursor: pointer;
            border: 2px solid transparent;
            transition: all 0.2s ease;
        }
        
        .balance-card:hover {
            transform: translateY(-2px);
        }
        
        .balance-card.selected {
            border-color: var(--accent);
        }
        
        .balance-card::before {
            content: '';
            position: absolute;
            top: -50%;
            right: -50%;
            width: 100%;
            height: 100%;
            background: radial-gradient(circle, rgba(0, 212, 170, 0.1) 0%, transparent 70%);
        }
        
        .balance-card-type {
            font-size: 0.9rem;
            color: var(--text-secondary);
            margin-bottom: 4px;
        }
        
        .balance-card-number {
            font-family: 'JetBrains Mono', monospace;
            font-size: 0.8rem;
            color: var(--text-muted);
            margin-bottom: 16px;
        }
        
        .balance-amount {
            font-size: 2rem;
            font-weight: 700;
            color: var(--text-primary);
        }
        
        .balance-currency {
            font-size: 1rem;
            color: var(--text-secondary);
            margin-left: 4px;
        }
        
        /* Transactions */
        .transaction-list {
            display: flex;
            flex-direction: column;
            gap: 12px;
        }
        
        .transaction-item {
            display: flex;
            justify-content: space-between;
            align-items: center;
            padding: 16px;
            background: var(--bg-input);
            border-radius: var(--radius);
            transition: all 0.2s ease;
        }
        
        .transaction-item:hover {
            background: var(--primary-light);
        }
        
        .transaction-info {
            display: flex;
            flex-direction: column;
            gap: 4px;
        }
        
        .transaction-description {
            font-weight: 500;
            color: var(--text-primary);
        }
        
        .transaction-date {
            font-size: 0.85rem;
            color: var(--text-muted);
        }
        
        .transaction-amount {
            font-family: 'JetBrains Mono', monospace;
            font-weight: 600;
            font-size: 1rem;
        }
        
        .transaction-amount.credit {
            color: var(--success);
        }
        
        .transaction-amount.debit {
            color: var(--danger);
        }
        
        /* Forms */
        .form-group {
            margin-bottom: 20px;
        }
        
        .form-label {
            display: block;
            margin-bottom: 8px;
            font-weight: 500;
            color: var(--text-secondary);
            font-size: 0.9rem;
        }
        
        .form-input, .form-select {
            width: 100%;
            padding: 14px 16px;
            background: var(--bg-input);
            border: 1px solid var(--border);
            border-radius: var(--radius);
            color: var(--text-primary);
            font-size: 1rem;
            font-family: inherit;
            transition: all 0.2s ease;
        }
        
        .form-input:focus, .form-select:focus {
            outline: none;
            border-color: var(--accent);
            box-shadow: 0 0 0 3px rgba(0, 212, 170, 0.1);
        }
        
        .form-input::placeholder {
            color: var(--text-muted);
        }
        
        .form-input.error {
            b... (set the log level to DEBUG or TRACE to see the full content) 
 </msg>
<arg>${URL_DIGITALBANK_TEST}</arg>
<arg>expected_status=200</arg>
<doc>Sends a GET request.</doc>
<status status="PASS" start="2026-03-04T17:22:11.105010" elapsed="0.021001"/>
</kw>
<kw name="Set Log Level" owner="BuiltIn">
<arg>NONE</arg>
<doc>Sets the log threshold to the specified level.</doc>
<status status="PASS" start="2026-03-04T17:22:11.126011" elapsed="0.001000"/>
</kw>
<doc>Suite Setup</doc>
<status status="PASS" start="2026-03-04T17:22:11.094005" elapsed="0.033006"/>
</kw>
<test id="s1-t1" name="Check Chrome Open" line="26">
<kw name="Test Setup" owner="BaseTests" type="SETUP">
<kw name="Log To Console" owner="BuiltIn">
<arg>${EMPTY}</arg>
<doc>Logs the given message to the console.</doc>
<status status="PASS" start="2026-03-04T17:22:11.129013" elapsed="0.000000"/>
</kw>
<kw name="Log To Console" owner="BuiltIn">
<arg>================================================================== TEST SETUP</arg>
<doc>Logs the given message to the console.</doc>
<status status="PASS" start="2026-03-04T17:22:11.129013" elapsed="0.001011"/>
</kw>
<kw name="Clean String Filename" owner="Common">
<var>${filename}</var>
<arg>${TEST NAME}_Env_${ENV}_${BROWSER}_</arg>
<status status="PASS" start="2026-03-04T17:22:11.130024" elapsed="0.000000"/>
</kw>
<kw name="Set Global Variable" owner="BuiltIn">
<arg>${FILENAME}</arg>
<arg>${filename}</arg>
<doc>Makes a variable available globally in all tests and suites.</doc>
<status status="PASS" start="2026-03-04T17:22:11.131015" elapsed="0.000000"/>
</kw>
<kw name="Register Keyword To Run On Failure" owner="SeleniumLibrary">
<arg>NONE</arg>
<doc>Sets the keyword to execute, when a SeleniumLibrary keyword fails.</doc>
<status status="PASS" start="2026-03-04T17:22:11.131015" elapsed="0.000000"/>
</kw>
<kw name="Run Keyword" owner="BuiltIn">
<kw name="Openchrome" owner="BaseSelenium">
<kw name="Evaluate" owner="BuiltIn">
<var>${options}</var>
<arg>sys.modules['selenium.webdriver'].ChromeOptions()</arg>
<arg>sys, selenium.webdriver</arg>
<doc>Evaluates the given expression in Python and returns the result.</doc>
<status status="PASS" start="2026-03-04T17:22:11.132017" elapsed="0.000992"/>
</kw>
<kw name="Call Method" owner="BuiltIn">
<arg>${options}</arg>
<arg>add_argument</arg>
<arg>incognito</arg>
<doc>Calls the named method of the given object with the provided arguments.</doc>
<status status="PASS" start="2026-03-04T17:22:11.133009" elapsed="0.000000"/>
</kw>
<kw name="Call Method" owner="BuiltIn">
<arg>${options}</arg>
<arg>add_argument</arg>
<arg>disable-search-engine-choice-screen</arg>
<doc>Calls the named method of the given object with the provided arguments.</doc>
<status status="PASS" start="2026-03-04T17:22:11.134006" elapsed="0.000000"/>
</kw>
<kw name="Create List" owner="BuiltIn">
<var>${excludeSwitches}</var>
<arg>enable-automation</arg>
<arg>enable-logging</arg>
<arg>disable-popup-blocking</arg>
<doc>Returns a list containing given items.</doc>
<status status="PASS" start="2026-03-04T17:22:11.134006" elapsed="0.000000"/>
</kw>
<kw name="Call Method" owner="BuiltIn">
<arg>${options}</arg>
<arg>add_experimental_option</arg>
<arg>excludeSwitches</arg>
<arg>${excludeSwitches}</arg>
<doc>Calls the named method of the given object with the provided arguments.</doc>
<status status="PASS" start="2026-03-04T17:22:11.135021" elapsed="0.000000"/>
</kw>
<if>
<branch type="IF" condition="'''${BROWSER_HEADLESS}'''.upper() == 'YES'">
<kw name="Call Method" owner="BuiltIn">
<arg>${options}</arg>
<arg>add_argument</arg>
<arg>headless</arg>
<doc>Calls the named method of the given object with the provided arguments.</doc>
<status status="NOT RUN" start="2026-03-04T17:22:11.136011" elapsed="0.000000"/>
</kw>
<status status="NOT RUN" start="2026-03-04T17:22:11.135021" elapsed="0.000990"/>
</branch>
<status status="PASS" start="2026-03-04T17:22:11.135021" elapsed="0.000990"/>
</if>
<kw name="Open Browser" owner="SeleniumLibrary">
<arg>url=${URL_DIGITALBANK_${ENV}}</arg>
<arg>browser=chrome</arg>
<arg>options=${options}</arg>
<doc>Opens a new browser instance to the optional ``url``.</doc>
<status status="PASS" start="2026-03-04T17:22:11.136011" elapsed="1.600165"/>
</kw>
<doc>Openchrome</doc>
<status status="PASS" start="2026-03-04T17:22:11.132017" elapsed="1.604159"/>
</kw>
<arg>Open${BROWSER}</arg>
<doc>Executes the given keyword with the given arguments.</doc>
<status status="PASS" start="2026-03-04T17:22:11.131015" elapsed="1.605161"/>
</kw>
<kw name="Set Selenium Implicit Wait" owner="SeleniumLibrary">
<arg>${IMPLICIT_WAIT}</arg>
<doc>Sets the implicit wait value used by Selenium.</doc>
<status status="PASS" start="2026-03-04T17:22:12.736784" elapsed="0.001560"/>
</kw>
<kw name="Maximize Browser Window" owner="SeleniumLibrary">
<doc>Maximizes current browser window.</doc>
<status status="PASS" start="2026-03-04T17:22:12.738344" elapsed="0.048672"/>
</kw>
<doc>Test Setup</doc>
<status status="PASS" start="2026-03-04T17:22:11.128016" elapsed="1.659000"/>
</kw>
<kw name="Sleep" owner="BuiltIn">
<arg>2s</arg>
<doc>Pauses the test executed for the given time.</doc>
<status status="PASS" start="2026-03-04T17:22:12.788006" elapsed="2.001404"/>
</kw>
<kw name="No Operation" owner="BuiltIn">
<doc>Does absolutely nothing.</doc>
<status status="PASS" start="2026-03-04T17:22:14.789410" elapsed="0.000000"/>
</kw>
<kw name="Test Teardown" owner="BaseTests" type="TEARDOWN">
<kw name="Capture Step ScreenShot" owner="BaseSelenium">
<kw name="Capture Page Screenshot" owner="SeleniumLibrary">
<arg>${OUTPUT DIR}${/}${FILENAME}_${step}.png</arg>
<doc>Takes a screenshot of the current page and embeds it into a log file.</doc>
<status status="PASS" start="2026-03-04T17:22:14.791409" elapsed="0.136584"/>
</kw>
<if>
<branch type="IF" condition="'''${step}''' == 'FAIL'">
<kw name="Get Source" owner="SeleniumLibrary">
<var>${html}</var>
<doc>Returns the entire HTML source of the current page or frame.</doc>
<status status="NOT RUN" start="2026-03-04T17:22:14.927993" elapsed="0.000000"/>
</kw>
<kw name="Create File" owner="OperatingSystem">
<arg>path=${OUTPUT DIR}${/}${FILENAME}_${step}.html</arg>
<arg>content=${html}</arg>
<arg>encoding=UTF-8</arg>
<doc>Creates a file with the given content and encoding.</doc>
<status status="NOT RUN" start="2026-03-04T17:22:14.928993" elapsed="0.000000"/>
</kw>
<status status="NOT RUN" start="2026-03-04T17:22:14.927993" elapsed="0.001000"/>
</branch>
<status status="PASS" start="2026-03-04T17:22:14.927993" elapsed="0.001000"/>
</if>
<arg>${TEST_STATUS}</arg>
<doc>Capture avec règle de nommage du fichier
Le step permet d'identifier l'étape et de faire plusieurs captures par test</doc>
<status status="PASS" start="2026-03-04T17:22:14.790414" elapsed="0.138579"/>
</kw>
<kw name="Close Browser" owner="SeleniumLibrary">
<doc>Closes the current browser.</doc>
<status status="PASS" start="2026-03-04T17:22:14.928993" elapsed="2.130088"/>
</kw>
<doc>Test Teardown</doc>
<status status="PASS" start="2026-03-04T17:22:14.790414" elapsed="2.268667"/>
</kw>
<tag>browser_chrome</tag>
<tag>env_TEST</tag>
<tag>sanity</tag>
<tag>type_tnr</tag>
<status status="PASS" start="2026-03-04T17:22:11.127011" elapsed="5.932070"/>
</test>
<test id="s1-t2" name="Se Connecter Compte_1" line="33">
<kw name="Test Setup" owner="BaseTests" type="SETUP">
<kw name="Log To Console" owner="BuiltIn">
<arg>${EMPTY}</arg>
<doc>Logs the given message to the console.</doc>
<status status="PASS" start="2026-03-04T17:22:17.061032" elapsed="0.001003"/>
</kw>
<kw name="Log To Console" owner="BuiltIn">
<arg>================================================================== TEST SETUP</arg>
<doc>Logs the given message to the console.</doc>
<status status="PASS" start="2026-03-04T17:22:17.062035" elapsed="0.001001"/>
</kw>
<kw name="Clean String Filename" owner="Common">
<var>${filename}</var>
<arg>${TEST NAME}_Env_${ENV}_${BROWSER}_</arg>
<status status="PASS" start="2026-03-04T17:22:17.063036" elapsed="0.000000"/>
</kw>
<kw name="Set Global Variable" owner="BuiltIn">
<arg>${FILENAME}</arg>
<arg>${filename}</arg>
<doc>Makes a variable available globally in all tests and suites.</doc>
<status status="PASS" start="2026-03-04T17:22:17.064036" elapsed="0.000000"/>
</kw>
<kw name="Register Keyword To Run On Failure" owner="SeleniumLibrary">
<arg>NONE</arg>
<doc>Sets the keyword to execute, when a SeleniumLibrary keyword fails.</doc>
<status status="PASS" start="2026-03-04T17:22:17.064036" elapsed="0.000000"/>
</kw>
<kw name="Run Keyword" owner="BuiltIn">
<kw name="Openchrome" owner="BaseSelenium">
<kw name="Evaluate" owner="BuiltIn">
<var>${options}</var>
<arg>sys.modules['selenium.webdriver'].ChromeOptions()</arg>
<arg>sys, selenium.webdriver</arg>
<doc>Evaluates the given expression in Python and returns the result.</doc>
<status status="PASS" start="2026-03-04T17:22:17.065037" elapsed="0.000000"/>
</kw>
<kw name="Call Method" owner="BuiltIn">
<arg>${options}</arg>
<arg>add_argument</arg>
<arg>incognito</arg>
<doc>Calls the named method of the given object with the provided arguments.</doc>
<status status="PASS" start="2026-03-04T17:22:17.065037" elapsed="0.001000"/>
</kw>
<kw name="Call Method" owner="BuiltIn">
<arg>${options}</arg>
<arg>add_argument</arg>
<arg>disable-search-engine-choice-screen</arg>
<doc>Calls the named method of the given object with the provided arguments.</doc>
<status status="PASS" start="2026-03-04T17:22:17.066037" elapsed="0.000000"/>
</kw>
<kw name="Create List" owner="BuiltIn">
<var>${excludeSwitches}</var>
<arg>enable-automation</arg>
<arg>enable-logging</arg>
<arg>disable-popup-blocking</arg>
<doc>Returns a list containing given items.</doc>
<status status="PASS" start="2026-03-04T17:22:17.066037" elapsed="0.000000"/>
</kw>
<kw name="Call Method" owner="BuiltIn">
<arg>${options}</arg>
<arg>add_experimental_option</arg>
<arg>excludeSwitches</arg>
<arg>${excludeSwitches}</arg>
<doc>Calls the named method of the given object with the provided arguments.</doc>
<status status="PASS" start="2026-03-04T17:22:17.066037" elapsed="0.000997"/>
</kw>
<if>
<branch type="IF" condition="'''${BROWSER_HEADLESS}'''.upper() == 'YES'">
<kw name="Call Method" owner="BuiltIn">
<arg>${options}</arg>
<arg>add_argument</arg>
<arg>headless</arg>
<doc>Calls the named method of the given object with the provided arguments.</doc>
<status status="NOT RUN" start="2026-03-04T17:22:17.067034" elapsed="0.000000"/>
</kw>
<status status="NOT RUN" start="2026-03-04T17:22:17.067034" elapsed="0.000000"/>
</branch>
<status status="PASS" start="2026-03-04T17:22:17.067034" elapsed="0.000000"/>
</if>
<kw name="Open Browser" owner="SeleniumLibrary">
<arg>url=${URL_DIGITALBANK_${ENV}}</arg>
<arg>browser=chrome</arg>
<arg>options=${options}</arg>
<doc>Opens a new browser instance to the optional ``url``.</doc>
<status status="PASS" start="2026-03-04T17:22:17.067034" elapsed="1.451662"/>
</kw>
<doc>Openchrome</doc>
<status status="PASS" start="2026-03-04T17:22:17.065037" elapsed="1.453659"/>
</kw>
<arg>Open${BROWSER}</arg>
<doc>Executes the given keyword with the given arguments.</doc>
<status status="PASS" start="2026-03-04T17:22:17.064036" elapsed="1.454660"/>
</kw>
<kw name="Set Selenium Implicit Wait" owner="SeleniumLibrary">
<arg>${IMPLICIT_WAIT}</arg>
<doc>Sets the implicit wait value used by Selenium.</doc>
<status status="PASS" start="2026-03-04T17:22:18.518696" elapsed="0.002625"/>
</kw>
<kw name="Maximize Browser Window" owner="SeleniumLibrary">
<doc>Maximizes current browser window.</doc>
<status status="PASS" start="2026-03-04T17:22:18.522326" elapsed="0.049131"/>
</kw>
<doc>Test Setup</doc>
<status status="PASS" start="2026-03-04T17:22:17.061032" elapsed="1.510425"/>
</kw>
<kw name="Charger Donnees Compte" owner="StepConnexion">
<kw name="Load Json From File" owner="JSONLibrary">
<var>${data}</var>
<arg>${JSON_FILE_PATH}</arg>
<doc>Load JSON from file.</doc>
<status status="PASS" start="2026-03-04T17:22:18.572461" elapsed="0.001001"/>
</kw>
<kw name="Get From Dictionary" owner="Collections">
<var>${compte_1}</var>
<arg>${data}</arg>
<arg>compte_1</arg>
<doc>Returns a value from the given ``dictionary`` based on the given ``key``.</doc>
<status status="PASS" start="2026-03-04T17:22:18.573462" elapsed="0.001000"/>
</kw>
<return>
<value>${compte_1}</value>
<status status="PASS" start="2026-03-04T17:22:18.574462" elapsed="0.000000"/>
</return>
<var>${compte_1}</var>
<doc>Charger les données depuis le fichier JSON</doc>
<status status="PASS" start="2026-03-04T17:22:18.572461" elapsed="0.002001"/>
</kw>
<kw name="Se Connecter" owner="StepConnexion">
<kw name="Log To Console" owner="BuiltIn">
<arg>Se connecter ${compte}[username]</arg>
<doc>Logs the given message to the console.</doc>
<status status="PASS" start="2026-03-04T17:22:18.575457" elapsed="0.000000"/>
</kw>
<kw name="Set Username" owner="PageConnexion">
<kw name="Input Text" owner="SeleniumLibrary">
<arg>xpath=//input[@id="email" and @type="email"]</arg>
<arg>${texte}</arg>
<doc>Types the given ``text`` into the text field identified by ``locator``.</doc>
<status status="PASS" start="2026-03-04T17:22:18.576468" elapsed="0.133788"/>
</kw>
<arg>${compte}[username]</arg>
<status status="PASS" start="2026-03-04T17:22:18.576468" elapsed="0.133788"/>
</kw>
<kw name="Set Password" owner="PageConnexion">
<kw name="Input Password" owner="SeleniumLibrary">
<arg>xpath=//input[@id="password" and @type="password"]</arg>
<arg>${texte}</arg>
<doc>Types the given password into the text field identified by ``locator``.</doc>
<status status="PASS" start="2026-03-04T17:22:18.710256" elapsed="0.092532"/>
</kw>
<arg>${compte}[password]</arg>
<status status="PASS" start="2026-03-04T17:22:18.710256" elapsed="0.092532"/>
</kw>
<kw name="Sign In" owner="PageConnexion">
<kw name="Click Element" owner="SeleniumLibrary">
<arg>xpath=//button[contains(text(), "Se connecter")]</arg>
<doc>Click the element identified by ``locator``.</doc>
<status status="PASS" start="2026-03-04T17:22:18.803791" elapsed="0.095788"/>
</kw>
<status status="PASS" start="2026-03-04T17:22:18.802788" elapsed="0.096791"/>
</kw>
<arg>${compte_1}</arg>
<doc>Se Connecter</doc>
<status status="PASS" start="2026-03-04T17:22:18.574462" elapsed="0.326119"/>
</kw>
<kw name="Sleep" owner="BuiltIn">
<arg>3s</arg>
<doc>Pauses the test executed for the given time.</doc>
<status status="PASS" start="2026-03-04T17:22:18.900581" elapsed="3.001392"/>
</kw>
<kw name="Verifier Connexion Ok" owner="StepConnexion">
<kw name="Log To Console" owner="BuiltIn">
<arg>Verifier Connexion Ok ${compte}[username]</arg>
<doc>Logs the given message to the console.</doc>
<status status="PASS" start="2026-03-04T17:22:21.902967" elapsed="0.001010"/>
</kw>
<kw name="Check Connection" owner="BasePages">
<kw name="Wait Until Page Contains Element" owner="SeleniumLibrary">
<arg>${LOCATOR_CHECK_CONNECTION}</arg>
<doc>Waits until the element ``locator`` appears on the current page.</doc>
<status status="PASS" start="2026-03-04T17:22:21.904964" elapsed="0.012010"/>
</kw>
<kw name="Get Text" owner="SeleniumLibrary">
<var>${actual_text}</var>
<arg>${LOCATOR_CHECK_CONNECTION}</arg>
<doc>Returns the text value of the element identified by ``locator``.</doc>
<status status="PASS" start="2026-03-04T17:22:21.916974" elapsed="0.023990"/>
</kw>
<kw name="Log To Console" owner="BuiltIn">
<arg>Texte attendu : ${texte}</arg>
<doc>Logs the given message to the console.</doc>
<status status="PASS" start="2026-03-04T17:22:21.941965" elapsed="0.000997"/>
</kw>
<kw name="Log To Console" owner="BuiltIn">
<arg>Texte récupéré : ${actual_text}</arg>
<doc>Logs the given message to the console.</doc>
<status status="PASS" start="2026-03-04T17:22:21.942962" elapsed="0.001001"/>
</kw>
<kw name="Run Keyword And Continue On Failure" owner="BuiltIn">
<kw name="Should Be Equal" owner="BuiltIn">
<arg>${texte}</arg>
<arg>${actual_text}</arg>
<doc>Fails if the given objects are unequal.</doc>
<status status="PASS" start="2026-03-04T17:22:21.943963" elapsed="0.000000"/>
</kw>
<arg>Should Be Equal</arg>
<arg>${texte}</arg>
<arg>${actual_text}</arg>
<doc>Runs the keyword and continues execution even if a failure occurs.</doc>
<status status="PASS" start="2026-03-04T17:22:21.943963" elapsed="0.001003"/>
</kw>
<arg>Mes Comptes</arg>
<status status="PASS" start="2026-03-04T17:22:21.903977" elapsed="0.040989"/>
</kw>
<arg>${compte_1}</arg>
<doc>Verifier Connexion Ok</doc>
<status status="PASS" start="2026-03-04T17:22:21.902967" elapsed="0.041999"/>
</kw>
<kw name="Sleep" owner="BuiltIn">
<arg>3s</arg>
<doc>Pauses the test executed for the given time.</doc>
<status status="PASS" start="2026-03-04T17:22:21.944966" elapsed="3.000266"/>
</kw>
<kw name="Test Teardown" owner="BaseTests" type="TEARDOWN">
<kw name="Capture Step ScreenShot" owner="BaseSelenium">
<kw name="Capture Page Screenshot" owner="SeleniumLibrary">
<arg>${OUTPUT DIR}${/}${FILENAME}_${step}.png</arg>
<doc>Takes a screenshot of the current page and embeds it into a log file.</doc>
<status status="PASS" start="2026-03-04T17:22:24.946231" elapsed="0.114500"/>
</kw>
<if>
<branch type="IF" condition="'''${step}''' == 'FAIL'">
<kw name="Get Source" owner="SeleniumLibrary">
<var>${html}</var>
<doc>Returns the entire HTML source of the current page or frame.</doc>
<status status="NOT RUN" start="2026-03-04T17:22:25.061739" elapsed="0.000000"/>
</kw>
<kw name="Create File" owner="OperatingSystem">
<arg>path=${OUTPUT DIR}${/}${FILENAME}_${step}.html</arg>
<arg>content=${html}</arg>
<arg>encoding=UTF-8</arg>
<doc>Creates a file with the given content and encoding.</doc>
<status status="NOT RUN" start="2026-03-04T17:22:25.061739" elapsed="0.000000"/>
</kw>
<status status="NOT RUN" start="2026-03-04T17:22:25.060731" elapsed="0.001008"/>
</branch>
<status status="PASS" start="2026-03-04T17:22:25.060731" elapsed="0.001008"/>
</if>
<arg>${TEST_STATUS}</arg>
<doc>Capture avec règle de nommage du fichier
Le step permet d'identifier l'étape et de faire plusieurs captures par test</doc>
<status status="PASS" start="2026-03-04T17:22:24.946231" elapsed="0.115508"/>
</kw>
<kw name="Close Browser" owner="SeleniumLibrary">
<doc>Closes the current browser.</doc>
<status status="PASS" start="2026-03-04T17:22:25.061739" elapsed="2.159818"/>
</kw>
<doc>Test Teardown</doc>
<status status="PASS" start="2026-03-04T17:22:24.945232" elapsed="2.276325"/>
</kw>
<doc>Se Connecter Compte</doc>
<tag>browser_chrome</tag>
<tag>dev_done</tag>
<tag>env_TEST</tag>
<tag>jira_01</tag>
<tag>test_positive</tag>
<tag>type_tnr</tag>
<status status="PASS" start="2026-03-04T17:22:17.061032" elapsed="10.160525"/>
</test>
<test id="s1-t3" name="Se Deconnecter Compte_1" line="42">
<kw name="Test Setup" owner="BaseTests" type="SETUP">
<kw name="Log To Console" owner="BuiltIn">
<arg>${EMPTY}</arg>
<doc>Logs the given message to the console.</doc>
<status status="PASS" start="2026-03-04T17:22:27.223524" elapsed="0.000948"/>
</kw>
<kw name="Log To Console" owner="BuiltIn">
<arg>================================================================== TEST SETUP</arg>
<doc>Logs the given message to the console.</doc>
<status status="PASS" start="2026-03-04T17:22:27.224472" elapsed="0.000998"/>
</kw>
<kw name="Clean String Filename" owner="Common">
<var>${filename}</var>
<arg>${TEST NAME}_Env_${ENV}_${BROWSER}_</arg>
<status status="PASS" start="2026-03-04T17:22:27.225470" elapsed="0.000000"/>
</kw>
<kw name="Set Global Variable" owner="BuiltIn">
<arg>${FILENAME}</arg>
<arg>${filename}</arg>
<doc>Makes a variable available globally in all tests and suites.</doc>
<status status="PASS" start="2026-03-04T17:22:27.225470" elapsed="0.001000"/>
</kw>
<kw name="Register Keyword To Run On Failure" owner="SeleniumLibrary">
<arg>NONE</arg>
<doc>Sets the keyword to execute, when a SeleniumLibrary keyword fails.</doc>
<status status="PASS" start="2026-03-04T17:22:27.226470" elapsed="0.000000"/>
</kw>
<kw name="Run Keyword" owner="BuiltIn">
<kw name="Openchrome" owner="BaseSelenium">
<kw name="Evaluate" owner="BuiltIn">
<var>${options}</var>
<arg>sys.modules['selenium.webdriver'].ChromeOptions()</arg>
<arg>sys, selenium.webdriver</arg>
<doc>Evaluates the given expression in Python and returns the result.</doc>
<status status="PASS" start="2026-03-04T17:22:27.227469" elapsed="0.000000"/>
</kw>
<kw name="Call Method" owner="BuiltIn">
<arg>${options}</arg>
<arg>add_argument</arg>
<arg>incognito</arg>
<doc>Calls the named method of the given object with the provided arguments.</doc>
<status status="PASS" start="2026-03-04T17:22:27.227469" elapsed="0.001000"/>
</kw>
<kw name="Call Method" owner="BuiltIn">
<arg>${options}</arg>
<arg>add_argument</arg>
<arg>disable-search-engine-choice-screen</arg>
<doc>Calls the named method of the given object with the provided arguments.</doc>
<status status="PASS" start="2026-03-04T17:22:27.228469" elapsed="0.000000"/>
</kw>
<kw name="Create List" owner="BuiltIn">
<var>${excludeSwitches}</var>
<arg>enable-automation</arg>
<arg>enable-logging</arg>
<arg>disable-popup-blocking</arg>
<doc>Returns a list containing given items.</doc>
<status status="PASS" start="2026-03-04T17:22:27.228469" elapsed="0.000000"/>
</kw>
<kw name="Call Method" owner="BuiltIn">
<arg>${options}</arg>
<arg>add_experimental_option</arg>
<arg>excludeSwitches</arg>
<arg>${excludeSwitches}</arg>
<doc>Calls the named method of the given object with the provided arguments.</doc>
<status status="PASS" start="2026-03-04T17:22:27.228469" elapsed="0.001000"/>
</kw>
<if>
<branch type="IF" condition="'''${BROWSER_HEADLESS}'''.upper() == 'YES'">
<kw name="Call Method" owner="BuiltIn">
<arg>${options}</arg>
<arg>add_argument</arg>
<arg>headless</arg>
<doc>Calls the named method of the given object with the provided arguments.</doc>
<status status="NOT RUN" start="2026-03-04T17:22:27.229469" elapsed="0.000000"/>
</kw>
<status status="NOT RUN" start="2026-03-04T17:22:27.229469" elapsed="0.000000"/>
</branch>
<status status="PASS" start="2026-03-04T17:22:27.229469" elapsed="0.000000"/>
</if>
<kw name="Open Browser" owner="SeleniumLibrary">
<arg>url=${URL_DIGITALBANK_${ENV}}</arg>
<arg>browser=chrome</arg>
<arg>options=${options}</arg>
<doc>Opens a new browser instance to the optional ``url``.</doc>
<status status="PASS" start="2026-03-04T17:22:27.229469" elapsed="1.428206"/>
</kw>
<doc>Openchrome</doc>
<status status="PASS" start="2026-03-04T17:22:27.226470" elapsed="1.431205"/>
</kw>
<arg>Open${BROWSER}</arg>
<doc>Executes the given keyword with the given arguments.</doc>
<status status="PASS" start="2026-03-04T17:22:27.226470" elapsed="1.431205"/>
</kw>
<kw name="Set Selenium Implicit Wait" owner="SeleniumLibrary">
<arg>${IMPLICIT_WAIT}</arg>
<doc>Sets the implicit wait value used by Selenium.</doc>
<status status="PASS" start="2026-03-04T17:22:28.657675" elapsed="0.002995"/>
</kw>
<kw name="Maximize Browser Window" owner="SeleniumLibrary">
<doc>Maximizes current browser window.</doc>
<status status="PASS" start="2026-03-04T17:22:28.660670" elapsed="0.042218"/>
</kw>
<doc>Test Setup</doc>
<status status="PASS" start="2026-03-04T17:22:27.223524" elapsed="1.479364"/>
</kw>
<kw name="Charger Donnees Compte" owner="StepConnexion">
<kw name="Load Json From File" owner="JSONLibrary">
<var>${data}</var>
<arg>${JSON_FILE_PATH}</arg>
<doc>Load JSON from file.</doc>
<status status="PASS" start="2026-03-04T17:22:28.703891" elapsed="0.000996"/>
</kw>
<kw name="Get From Dictionary" owner="Collections">
<var>${compte_1}</var>
<arg>${data}</arg>
<arg>compte_1</arg>
<doc>Returns a value from the given ``dictionary`` based on the given ``key``.</doc>
<status status="PASS" start="2026-03-04T17:22:28.704887" elapsed="0.000000"/>
</kw>
<return>
<value>${compte_1}</value>
<status status="PASS" start="2026-03-04T17:22:28.704887" elapsed="0.000000"/>
</return>
<var>${compte_1}</var>
<doc>Charger les données depuis le fichier JSON</doc>
<status status="PASS" start="2026-03-04T17:22:28.703891" elapsed="0.000996"/>
</kw>
<kw name="Se Connecter" owner="StepConnexion">
<kw name="Log To Console" owner="BuiltIn">
<arg>Se connecter ${compte}[username]</arg>
<doc>Logs the given message to the console.</doc>
<status status="PASS" start="2026-03-04T17:22:28.705886" elapsed="0.001001"/>
</kw>
<kw name="Set Username" owner="PageConnexion">
<kw name="Input Text" owner="SeleniumLibrary">
<arg>xpath=//input[@id="email" and @type="email"]</arg>
<arg>${texte}</arg>
<doc>Types the given ``text`` into the text field identified by ``locator``.</doc>
<status status="PASS" start="2026-03-04T17:22:28.706887" elapsed="0.127528"/>
</kw>
<arg>${compte}[username]</arg>
<status status="PASS" start="2026-03-04T17:22:28.706887" elapsed="0.128527"/>
</kw>
<kw name="Set Password" owner="PageConnexion">
<kw name="Input Password" owner="SeleniumLibrary">
<arg>xpath=//input[@id="password" and @type="password"]</arg>
<arg>${texte}</arg>
<doc>Types the given password into the text field identified by ``locator``.</doc>
<status status="PASS" start="2026-03-04T17:22:28.835414" elapsed="0.106611"/>
</kw>
<arg>${compte}[password]</arg>
<status status="PASS" start="2026-03-04T17:22:28.835414" elapsed="0.106611"/>
</kw>
<kw name="Sign In" owner="PageConnexion">
<kw name="Click Element" owner="SeleniumLibrary">
<arg>xpath=//button[contains(text(), "Se connecter")]</arg>
<doc>Click the element identified by ``locator``.</doc>
<status status="PASS" start="2026-03-04T17:22:28.942025" elapsed="0.096736"/>
</kw>
<status status="PASS" start="2026-03-04T17:22:28.942025" elapsed="0.096736"/>
</kw>
<arg>${compte_1}</arg>
<doc>Se Connecter</doc>
<status status="PASS" start="2026-03-04T17:22:28.705886" elapsed="0.333864"/>
</kw>
<kw name="Sleep" owner="BuiltIn">
<arg>3s</arg>
<doc>Pauses the test executed for the given time.</doc>
<status status="PASS" start="2026-03-04T17:22:29.039750" elapsed="3.001649"/>
</kw>
<kw name="Verifier Connexion Ok" owner="StepConnexion">
<kw name="Log To Console" owner="BuiltIn">
<arg>Verifier Connexion Ok ${compte}[username]</arg>
<doc>Logs the given message to the console.</doc>
<status status="PASS" start="2026-03-04T17:22:32.042402" elapsed="0.000000"/>
</kw>
<kw name="Check Connection" owner="BasePages">
<kw name="Wait Until Page Contains Element" owner="SeleniumLibrary">
<arg>${LOCATOR_CHECK_CONNECTION}</arg>
<doc>Waits until the element ``locator`` appears on the current page.</doc>
<status status="PASS" start="2026-03-04T17:22:32.043402" elapsed="0.011125"/>
</kw>
<kw name="Get Text" owner="SeleniumLibrary">
<var>${actual_text}</var>
<arg>${LOCATOR_CHECK_CONNECTION}</arg>
<doc>Returns the text value of the element identified by ``locator``.</doc>
<status status="PASS" start="2026-03-04T17:22:32.054527" elapsed="0.020117"/>
</kw>
<kw name="Log To Console" owner="BuiltIn">
<arg>Texte attendu : ${texte}</arg>
<doc>Logs the given message to the console.</doc>
<status status="PASS" start="2026-03-04T17:22:32.074644" elapsed="0.000000"/>
</kw>
<kw name="Log To Console" owner="BuiltIn">
<arg>Texte récupéré : ${actual_text}</arg>
<doc>Logs the given message to the console.</doc>
<status status="PASS" start="2026-03-04T17:22:32.075648" elapsed="0.000000"/>
</kw>
<kw name="Run Keyword And Continue On Failure" owner="BuiltIn">
<kw name="Should Be Equal" owner="BuiltIn">
<arg>${texte}</arg>
<arg>${actual_text}</arg>
<doc>Fails if the given objects are unequal.</doc>
<status status="PASS" start="2026-03-04T17:22:32.076644" elapsed="0.000000"/>
</kw>
<arg>Should Be Equal</arg>
<arg>${texte}</arg>
<arg>${actual_text}</arg>
<doc>Runs the keyword and continues execution even if a failure occurs.</doc>
<status status="PASS" start="2026-03-04T17:22:32.076644" elapsed="0.000000"/>
</kw>
<arg>Mes Comptes</arg>
<status status="PASS" start="2026-03-04T17:22:32.042402" elapsed="0.034242"/>
</kw>
<arg>${compte_1}</arg>
<doc>Verifier Connexion Ok</doc>
<status status="PASS" start="2026-03-04T17:22:32.041399" elapsed="0.035245"/>
</kw>
<kw name="Sleep" owner="BuiltIn">
<arg>3s</arg>
<doc>Pauses the test executed for the given time.</doc>
<status status="PASS" start="2026-03-04T17:22:32.077669" elapsed="3.000335"/>
</kw>
<kw name="Se Deconnecter" owner="StepConnexion">
<kw name="Log To Console" owner="BuiltIn">
<arg>Se Deconnecter</arg>
<doc>Logs the given message to the console.</doc>
<status status="PASS" start="2026-03-04T17:22:35.087000" elapsed="0.001004"/>
</kw>
<kw name="Log Off" owner="BasePages">
<kw name="Click Element" owner="SeleniumLibrary">
<arg>${LOCATOR_BUTTON_DISCONNECTION}</arg>
<doc>Click the element identified by ``locator``.</doc>
<status status="PASS" start="2026-03-04T17:22:35.089002" elapsed="0.379844"/>
</kw>
<kw name="Wait Until Page Contains Element" owner="SeleniumLibrary">
<arg>${LOCATOR_CHECK_LOGIN}</arg>
<doc>Waits until the element ``locator`` appears on the current page.</doc>
<status status="PASS" start="2026-03-04T17:22:35.469843" elapsed="0.012194"/>
</kw>
<status status="PASS" start="2026-03-04T17:22:35.089002" elapsed="0.393035"/>
</kw>
<doc>Se Deconnecter</doc>
<status status="PASS" start="2026-03-04T17:22:35.087000" elapsed="0.395037"/>
</kw>
<kw name="Sleep" owner="BuiltIn">
<arg>2s</arg>
<doc>Pauses the test executed for the given time.</doc>
<status status="PASS" start="2026-03-04T17:22:35.483036" elapsed="2.000086"/>
</kw>
<kw name="Test Teardown" owner="BaseTests" type="TEARDOWN">
<kw name="Capture Step ScreenShot" owner="BaseSelenium">
<kw name="Capture Page Screenshot" owner="SeleniumLibrary">
<arg>${OUTPUT DIR}${/}${FILENAME}_${step}.png</arg>
<doc>Takes a screenshot of the current page and embeds it into a log file.</doc>
<status status="PASS" start="2026-03-04T17:22:37.484145" elapsed="0.133872"/>
</kw>
<if>
<branch type="IF" condition="'''${step}''' == 'FAIL'">
<kw name="Get Source" owner="SeleniumLibrary">
<var>${html}</var>
<doc>Returns the entire HTML source of the current page or frame.</doc>
<status status="NOT RUN" start="2026-03-04T17:22:37.618017" elapsed="0.000000"/>
</kw>
<kw name="Create File" owner="OperatingSystem">
<arg>path=${OUTPUT DIR}${/}${FILENAME}_${step}.html</arg>
<arg>content=${html}</arg>
<arg>encoding=UTF-8</arg>
<doc>Creates a file with the given content and encoding.</doc>
<status status="NOT RUN" start="2026-03-04T17:22:37.618017" elapsed="0.000000"/>
</kw>
<status status="NOT RUN" start="2026-03-04T17:22:37.618017" elapsed="0.000000"/>
</branch>
<status status="PASS" start="2026-03-04T17:22:37.618017" elapsed="0.000000"/>
</if>
<arg>${TEST_STATUS}</arg>
<doc>Capture avec règle de nommage du fichier
Le step permet d'identifier l'étape et de faire plusieurs captures par test</doc>
<status status="PASS" start="2026-03-04T17:22:37.484145" elapsed="0.133872"/>
</kw>
<kw name="Close Browser" owner="SeleniumLibrary">
<doc>Closes the current browser.</doc>
<status status="PASS" start="2026-03-04T17:22:37.618017" elapsed="2.158783"/>
</kw>
<doc>Test Teardown</doc>
<status status="PASS" start="2026-03-04T17:22:37.483122" elapsed="2.293678"/>
</kw>
<doc>Se Déconnecter Compte</doc>
<tag>browser_chrome</tag>
<tag>dev_done</tag>
<tag>env_TEST</tag>
<tag>jira_02</tag>
<tag>test_positive</tag>
<tag>type_tnr</tag>
<status status="PASS" start="2026-03-04T17:22:27.222475" elapsed="12.554875"/>
</test>
<kw name="Suite Teardown" owner="BaseTests" type="TEARDOWN">
<kw name="Log To Console" owner="BuiltIn">
<arg>${EMPTY}</arg>
<doc>Logs the given message to the console.</doc>
<status status="PASS" start="2026-03-04T17:22:39.779355" elapsed="0.001000"/>
</kw>
<doc>Suite Teardown</doc>
<status status="PASS" start="2026-03-04T17:22:39.778354" elapsed="0.002001"/>
</kw>
<doc>Suite DigitalBank</doc>
<status status="PASS" start="2026-03-04T17:22:10.642994" elapsed="29.137361"/>
</suite>
<statistics>
<total>
<stat pass="3" fail="0" skip="0">All Tests</stat>
</total>
<tag>
<stat pass="3" fail="0" skip="0">browser_chrome</stat>
<stat pass="2" fail="0" skip="0">dev_done</stat>
<stat pass="3" fail="0" skip="0">env_TEST</stat>
<stat pass="1" fail="0" skip="0">jira_01</stat>
<stat pass="1" fail="0" skip="0">jira_02</stat>
<stat pass="1" fail="0" skip="0">sanity</stat>
<stat pass="2" fail="0" skip="0">test_positive</stat>
<stat pass="3" fail="0" skip="0">type_tnr</stat>
</tag>
<suite>
<stat name="1-Suite Test" id="s1" pass="3" fail="0" skip="0">1-Suite Test</stat>
</suite>
</statistics>
<errors>
<msg time="2026-03-04T17:22:11.089012" level="WARN">Error in file 'C:\Users\Administrateur\Documents\Etudes_de_cas_finaux\Projet_Etude_de_Cas_3\digitalbank\tests\step-defs\StepConnexion.resource' on line 14: The '[Return]' setting is deprecated. Use the 'RETURN' statement instead.</msg>
</errors>
</robot>
